Running model: VAE (SLURM_ARRAY_TASK_ID=1)
Device: cuda
============================================================
TRAINING VARIATIONAL AUTOENCODER (VAE)
============================================================
Epoch [1/10], Total Loss: 8.5603, Recon: 8.5277, KL: 0.0326
Epoch [2/10], Total Loss: 8.5140, Recon: 8.5140, KL: 0.0000
Epoch [3/10], Total Loss: 8.5142, Recon: 8.5142, KL: 0.0000
Epoch [4/10], Total Loss: 8.5140, Recon: 8.5140, KL: 0.0000
Epoch [5/10], Total Loss: 8.5141, Recon: 8.5141, KL: 0.0000
Epoch [6/10], Total Loss: 8.5141, Recon: 8.5141, KL: 0.0000
Epoch [7/10], Total Loss: 8.5142, Recon: 8.5142, KL: 0.0000
Epoch [8/10], Total Loss: 8.5143, Recon: 8.5143, KL: 0.0000
Epoch [9/10], Total Loss: 8.5142, Recon: 8.5142, KL: 0.0000
Epoch [10/10], Total Loss: 8.5142, Recon: 8.5142, KL: 0.0000
Training loss plot saved to AE/results/training/VAE_20251202_171557_no_conv_training_loss.png
Training losses saved to AE/results/training/VAE_20251202_171557_no_conv_training_losses.json
Training loss plot saved to AE/results/training/training_loss_VAE_20251202_171557.png

==================================================
TEST RESULTS
==================================================
Test Loss (MSE): 4.552711
Mean Absolute Error (MAE): 0.025544
R² Score: -0.004123
Reconstruction Loss: 4.540323
KL Divergence: 0.012388
==================================================

Metrics saved to AE/results/testing/VAE_20251202_171621_no_conv_test_metrics.json
Plots saved to AE/results/testing/
