Running model: VAE (SLURM_ARRAY_TASK_ID=1)
Device: cuda
============================================================
TRAINING VARIATIONAL AUTOENCODER (VAE)
============================================================
Epoch [1/10], Total Loss: 9.1551, Recon: 8.5651, KL: 0.5900
Epoch [2/10], Total Loss: 8.5140, Recon: 8.5140, KL: 0.0000
Epoch [3/10], Total Loss: 8.5143, Recon: 8.5143, KL: 0.0000
Epoch [4/10], Total Loss: 8.5139, Recon: 8.5139, KL: 0.0000
Epoch [5/10], Total Loss: 8.5143, Recon: 8.5143, KL: 0.0000
Epoch [6/10], Total Loss: 8.5142, Recon: 8.5142, KL: 0.0000
Epoch [7/10], Total Loss: 8.5141, Recon: 8.5141, KL: 0.0000
Epoch [8/10], Total Loss: 8.5143, Recon: 8.5143, KL: 0.0000
Epoch [9/10], Total Loss: 8.5143, Recon: 8.5143, KL: 0.0000
Epoch [10/10], Total Loss: 8.5139, Recon: 8.5139, KL: 0.0000
Training loss plot saved to AE/results/training/VAE_20251202_204953_conv_training_loss.png
Training losses saved to AE/results/training/VAE_20251202_204953_conv_training_losses.json
Training loss plot saved to AE/results/training/training_loss_VAE_20251202_204953.png

==================================================
TEST RESULTS
==================================================
Test Loss (MSE): 4.553252
Mean Absolute Error (MAE): 0.026247
R² Score: -0.006976
Reconstruction Loss: 4.553249
KL Divergence: 0.000003
==================================================

Metrics saved to AE/results/testing/VAE_20251202_205010_conv_test_metrics.json
Plots saved to AE/results/testing/
