Device: cuda
============================================================
TRAINING BINARY VARIATIONAL AUTOENCODER (VAE)
============================================================
Epoch [1/10], Total Loss: 1357.4123, BCE: 1357.3856, KL: 0.0267
Epoch [2/10], Total Loss: 1356.5816, BCE: 1356.5785, KL: 0.0031
Epoch [3/10], Total Loss: 1356.4581, BCE: 1356.4573, KL: 0.0008
Epoch [4/10], Total Loss: 1356.4560, BCE: 1356.4552, KL: 0.0009
Epoch [5/10], Total Loss: 1356.4582, BCE: 1356.4571, KL: 0.0011
Epoch [6/10], Total Loss: 1356.4587, BCE: 1356.4579, KL: 0.0008
Epoch [7/10], Total Loss: 1356.4508, BCE: 1356.4504, KL: 0.0004
Epoch [8/10], Total Loss: 1356.4516, BCE: 1356.4512, KL: 0.0004
Epoch [9/10], Total Loss: 1356.4529, BCE: 1356.4529, KL: 0.0001
Epoch [10/10], Total Loss: 1356.4508, BCE: 1356.4504, KL: 0.0003
Training loss plot saved to AE/results/training/VAE_binary_20251202_125453_training_loss.png
Training losses saved to AE/results/training/VAE_binary_20251202_125453_training_losses.json

==================================================
TEST RESULTS (Binary Classification)
==================================================
Test Loss (BCE): 1349.059153
Accuracy: 0.597105
Precision: 0.297872
Recall: 0.000000
F1 Score: 0.000000
AUC-ROC: 0.500019
Reconstruction Loss (BCE): 1349.059148
KL Divergence: 0.000005
==================================================

Metrics saved to AE/results/testing/VAE_binary_20251202_130824_test_metrics.json
Binary classification plots saved to AE/results/testing/
