Device: cuda
============================================================
TRAINING BINARY AUTOENCODER (AE)
============================================================
Epoch [1/10], BCE Loss: 1184.0853
Epoch [2/10], BCE Loss: 1133.1186
Epoch [3/10], BCE Loss: 1121.4714
Epoch [4/10], BCE Loss: 1114.9342
Epoch [5/10], BCE Loss: 1111.6570
Epoch [6/10], BCE Loss: 1109.6113
Epoch [7/10], BCE Loss: 1108.0033
Epoch [8/10], BCE Loss: 1106.5894
Epoch [9/10], BCE Loss: 1105.3069
Epoch [10/10], BCE Loss: 1104.3970
Training loss plot saved to AE/results/training/AE_binary_20251202_125409_training_loss.png
Training losses saved to AE/results/training/AE_binary_20251202_125409_training_losses.json

==================================================
TEST RESULTS (Binary Classification)
==================================================
Test Loss (BCE): 36087.535935
Accuracy: 0.616452
Precision: 0.762042
Recall: 0.069822
F1 Score: 0.127923
AUC-ROC: 0.543348
==================================================

Metrics saved to AE/results/testing/AE_binary_20251202_130707_test_metrics.json
Binary classification plots saved to AE/results/testing/
