Task 0: Training ZINBAE
Device: cuda
Loading training data from: Data/processed_data/BinSize10_MovingAvgFalse_ZINB_train_data.npy
Loading test data from: Data/processed_data/BinSize10_MovingAvgFalse_ZINB_test_data.npy
Number of training samples: 14824
============================================================
TRAINING ZINB AUTOENCODER (ZINBAE)
============================================================
Epoch [1/100], Loss: 1.6440
Epoch [2/100], Loss: 1.5867
Epoch [3/100], Loss: 1.5696
Epoch [4/100], Loss: 1.5594
Epoch [5/100], Loss: 1.5540
Epoch [6/100], Loss: 1.5434
Epoch [7/100], Loss: 1.5349
Epoch [8/100], Loss: 1.5265
Epoch [9/100], Loss: 1.5173
Epoch [10/100], Loss: 1.5125
Epoch [11/100], Loss: 1.5053
Epoch [12/100], Loss: 1.4991
Epoch [13/100], Loss: 1.4918
Epoch [14/100], Loss: 1.4867
Epoch [15/100], Loss: 1.4784
Epoch [16/100], Loss: 1.4733
Epoch [17/100], Loss: 1.4696
Epoch [18/100], Loss: 1.4620
Epoch [19/100], Loss: 1.4564
Epoch [20/100], Loss: 1.4552
Epoch [21/100], Loss: 1.4511
Epoch [22/100], Loss: 1.4469
Epoch [23/100], Loss: 1.4428
Epoch [24/100], Loss: 1.4360
Epoch [25/100], Loss: 1.4360
Epoch [26/100], Loss: 1.4305
Epoch [27/100], Loss: 1.4270
Epoch [28/100], Loss: 1.4267
Epoch [29/100], Loss: 1.4204
Epoch [30/100], Loss: 1.4211
Epoch [31/100], Loss: 1.4189
Epoch [32/100], Loss: 1.4156
Epoch [33/100], Loss: 1.4111
Epoch [34/100], Loss: 1.4101
Epoch [35/100], Loss: 1.4110
Epoch [36/100], Loss: 1.4076
Epoch [37/100], Loss: 1.4056
Epoch [38/100], Loss: 1.4049
Epoch [39/100], Loss: 1.4053
Epoch [40/100], Loss: 1.3995
Epoch [41/100], Loss: 1.4015
Epoch [42/100], Loss: 1.3987
Epoch [43/100], Loss: 1.3973
Epoch [44/100], Loss: 1.3996
Epoch [45/100], Loss: 1.3953
Epoch [46/100], Loss: 1.3969
Epoch [47/100], Loss: 1.3923
Epoch [48/100], Loss: 1.3923
Epoch [49/100], Loss: 1.3904
Epoch [50/100], Loss: 1.3914
Epoch [51/100], Loss: 1.3869
Epoch [52/100], Loss: 1.3885
Epoch [53/100], Loss: 1.3889
Epoch [54/100], Loss: 1.3844
Epoch [55/100], Loss: 1.3861
Epoch [56/100], Loss: 1.3839
Epoch [57/100], Loss: 1.3821
Epoch [58/100], Loss: 1.3848
Epoch [59/100], Loss: 1.3814
Epoch [60/100], Loss: 1.3817
Epoch [61/100], Loss: 1.3796
Epoch [62/100], Loss: 1.3799
Epoch [63/100], Loss: 1.3755
Epoch [64/100], Loss: 1.3761
Epoch [65/100], Loss: 1.3796
Epoch [66/100], Loss: 1.3736
Epoch [67/100], Loss: 1.3754
Epoch [68/100], Loss: 1.3739
Epoch [69/100], Loss: 1.3754
Epoch [70/100], Loss: 1.3723
Epoch [71/100], Loss: 1.3764
Epoch [72/100], Loss: 1.3731
Epoch [73/100], Loss: 1.3719
Epoch [74/100], Loss: 1.3702
Epoch [75/100], Loss: 1.3693
Epoch [76/100], Loss: 1.3674
Epoch [77/100], Loss: 1.3671
Epoch [78/100], Loss: 1.3658
Epoch [79/100], Loss: 1.3654
Epoch [80/100], Loss: 1.3655
Epoch [81/100], Loss: 1.3641
Epoch [82/100], Loss: 1.3631
Epoch [83/100], Loss: 1.3644
Epoch [84/100], Loss: 1.3614
Epoch [85/100], Loss: 1.3618
Epoch [86/100], Loss: 1.3622
Epoch [87/100], Loss: 1.3600
Epoch [88/100], Loss: 1.3643
Epoch [89/100], Loss: 1.3638
Epoch [90/100], Loss: 1.3589
Epoch [91/100], Loss: 1.3580
Epoch [92/100], Loss: 1.3573
Epoch [93/100], Loss: 1.3592
Epoch [94/100], Loss: 1.3603
Epoch [95/100], Loss: 1.3562
Epoch [96/100], Loss: 1.3552
Epoch [97/100], Loss: 1.3545
Epoch [98/100], Loss: 1.3547
Epoch [99/100], Loss: 1.3603
Epoch [100/100], Loss: 1.3544
Training loss plot saved to /workspace/AE/results/training/trial_new/trial_new_ZINBAE_20260115_142451_conv_training_loss.png
Training losses saved to /workspace/AE/results/training/trial_new/trial_new_ZINBAE_20260115_142451_conv_training_losses.json

==================================================
EVALUATING ON TRAINING DATA
==================================================

==================================================
TEST RESULTS
==================================================
Test Loss (ZINB NLL): 1.348441
Mean Absolute Error (MAE): 2.449997
R² Score: -407559.781250
==================================================

Using raw counts for evaluation metrics.
29648000 13164927 16483073
ZINB metrics saved to /workspace/AE/results/training/trial_new/trial_new_ZINBAE_20260115_142457_conv_test_metrics.json
ZINB-specific plots saved to /workspace/AE/results/training/trial_new/

==================================================
TEST RESULTS
==================================================
Test Loss (ZINB NLL): 1.977162
Mean Absolute Error (MAE): 2.489470
R² Score: -63.017021
==================================================

Using raw counts for evaluation metrics.
3920000 1662825 2257175
ZINB metrics saved to /workspace/AE/results/testing/trial_new/trial_new_ZINBAE_20260115_143830_conv_test_metrics.json
ZINB-specific plots saved to /workspace/AE/results/testing/trial_new/
