Running preprocessing with zeros flag: 
Processing dataset: ChrIII
Processing dataset: ChrII
Processing dataset: ChrIV
Processing dataset: ChrIX
Processing dataset: ChrI
Processing dataset: ChrVIII
Processing dataset: ChrVII
Processing dataset: ChrVI
Processing dataset: ChrV
Processing dataset: ChrXIII
Processing dataset: ChrXII
Processing dataset: ChrXIV
Processing dataset: ChrXI
Processing dataset: ChrXVI
Processing dataset: ChrXV
Processing dataset: ChrX
Processing dataset: ChrIII
Processing dataset: ChrII
Processing dataset: ChrIV
Processing dataset: ChrIX
Processing dataset: ChrI
Processing dataset: ChrVIII
Processing dataset: ChrVII
Processing dataset: ChrVI
Processing dataset: ChrV
Processing dataset: ChrXIII
Processing dataset: ChrXII
Processing dataset: ChrXIV
Processing dataset: ChrXI
Processing dataset: ChrXVI
Processing dataset: ChrXV
Processing dataset: ChrX
Processing dataset: ChrIII
Processing dataset: ChrII
Processing dataset: ChrIV
Processing dataset: ChrIX
Processing dataset: ChrI
Processing dataset: ChrVIII
Processing dataset: ChrVII
Processing dataset: ChrVI
Processing dataset: ChrV
Processing dataset: ChrXIII
Processing dataset: ChrXII
Processing dataset: ChrXIV
Processing dataset: ChrXI
Processing dataset: ChrXVI
Processing dataset: ChrXV
Processing dataset: ChrX
Processing dataset: ChrIII
Processing dataset: ChrII
Processing dataset: ChrIV
Processing dataset: ChrIX
Processing dataset: ChrI
Processing dataset: ChrVIII
Processing dataset: ChrVII
Processing dataset: ChrVI
Processing dataset: ChrV
Processing dataset: ChrXIII
Processing dataset: ChrXII
Processing dataset: ChrXIV
Processing dataset: ChrXI
Processing dataset: ChrXVI
Processing dataset: ChrXV
Processing dataset: ChrX
Processing dataset: ChrIII
Processing dataset: ChrII
Processing dataset: ChrIV
Processing dataset: ChrIX
Processing dataset: ChrI
Processing dataset: ChrVIII
Processing dataset: ChrVII
Processing dataset: ChrVI
Processing dataset: ChrV
Processing dataset: ChrXIII
Processing dataset: ChrXII
Processing dataset: ChrXIV
Processing dataset: ChrXI
Processing dataset: ChrXVI
Processing dataset: ChrXV
Processing dataset: ChrX
Processing dataset: ChrIII
Processing dataset: ChrII
Processing dataset: ChrIV
Processing dataset: ChrIX
Processing dataset: ChrI
Processing dataset: ChrVIII
Processing dataset: ChrVII
Processing dataset: ChrVI
Processing dataset: ChrV
Processing dataset: ChrXIII
Processing dataset: ChrXII
Processing dataset: ChrXIV
Processing dataset: ChrXI
Processing dataset: ChrXVI
Processing dataset: ChrXV
Processing dataset: ChrX
Processing dataset: ChrIII
Processing dataset: ChrII
Processing dataset: ChrIV
Processing dataset: ChrIX
Processing dataset: ChrI
Processing dataset: ChrVIII
Processing dataset: ChrVII
Processing dataset: ChrVI
Processing dataset: ChrV
Processing dataset: ChrXIII
Processing dataset: ChrXII
Processing dataset: ChrXIV
Processing dataset: ChrXI
Processing dataset: ChrXVI
Processing dataset: ChrXV
Processing dataset: ChrX
Processing dataset: ChrIII
Processing dataset: ChrII
Processing dataset: ChrIV
Processing dataset: ChrIX
Processing dataset: ChrI
Processing dataset: ChrVIII
Processing dataset: ChrVII
Processing dataset: ChrVI
Processing dataset: ChrV
Processing dataset: ChrXIII
Processing dataset: ChrXII
Processing dataset: ChrXIV
Processing dataset: ChrXI
Processing dataset: ChrXVI
Processing dataset: ChrXV
Processing dataset: ChrX
Processing dataset: ChrIII
Processing dataset: ChrII
Processing dataset: ChrIV
Processing dataset: ChrIX
Processing dataset: ChrI
Processing dataset: ChrVIII
Processing dataset: ChrVII
Processing dataset: ChrVI
Processing dataset: ChrV
Processing dataset: ChrXIII
Processing dataset: ChrXII
Processing dataset: ChrXIV
Processing dataset: ChrXI
Processing dataset: ChrXVI
Processing dataset: ChrXV
Processing dataset: ChrX
Processing dataset: ChrIII
Processing dataset: ChrII
Processing dataset: ChrIV
Processing dataset: ChrIX
Processing dataset: ChrI
Processing dataset: ChrVIII
Processing dataset: ChrVII
Processing dataset: ChrVI
Processing dataset: ChrV
Processing dataset: ChrXIII
Processing dataset: ChrXII
Processing dataset: ChrXIV
Processing dataset: ChrXI
Processing dataset: ChrXVI
Processing dataset: ChrXV
Processing dataset: ChrX
Processing dataset: ChrIII
Processing dataset: ChrII
Processing dataset: ChrIV
Processing dataset: ChrIX
Processing dataset: ChrI
Processing dataset: ChrVIII
Processing dataset: ChrVII
Processing dataset: ChrVI
Processing dataset: ChrV
Processing dataset: ChrXIII
Processing dataset: ChrXII
Processing dataset: ChrXIV
Processing dataset: ChrXI
Processing dataset: ChrXVI
Processing dataset: ChrXV
Processing dataset: ChrX
Processing dataset: ChrIII
Processing dataset: ChrII
Processing dataset: ChrIV
Processing dataset: ChrIX
Processing dataset: ChrI
Processing dataset: ChrVIII
Processing dataset: ChrVII
Processing dataset: ChrVI
Processing dataset: ChrV
Processing dataset: ChrXIII
Processing dataset: ChrXII
Processing dataset: ChrXIV
Processing dataset: ChrXI
Processing dataset: ChrXVI
Processing dataset: ChrXV
Processing dataset: ChrX
Processing dataset: ChrIII
Processing dataset: ChrII
Processing dataset: ChrIV
Processing dataset: ChrIX
Processing dataset: ChrI
Processing dataset: ChrVIII
Processing dataset: ChrVII
Processing dataset: ChrVI
Processing dataset: ChrV
Processing dataset: ChrXIII
Processing dataset: ChrXII
Processing dataset: ChrXIV
Processing dataset: ChrXI
Processing dataset: ChrXVI
Processing dataset: ChrXV
Processing dataset: ChrX
Processing dataset: ChrIII
Processing dataset: ChrII
Processing dataset: ChrIV
Processing dataset: ChrIX
Processing dataset: ChrI
Processing dataset: ChrVIII
Processing dataset: ChrVII
Processing dataset: ChrVI
Processing dataset: ChrV
Processing dataset: ChrXIII
Processing dataset: ChrXII
Processing dataset: ChrXIV
Processing dataset: ChrXI
Processing dataset: ChrXVI
Processing dataset: ChrXV
Processing dataset: ChrX
Processing dataset: ChrIII
Processing dataset: ChrII
Processing dataset: ChrIV
Processing dataset: ChrIX
Processing dataset: ChrI
Processing dataset: ChrVIII
Processing dataset: ChrVII
Processing dataset: ChrVI
Processing dataset: ChrV
Processing dataset: ChrXIII
Processing dataset: ChrXII
Processing dataset: ChrXIV
Processing dataset: ChrXI
Processing dataset: ChrXVI
Processing dataset: ChrXV
Processing dataset: ChrX
Processing dataset: ChrIII
Processing dataset: ChrII
Processing dataset: ChrIV
Processing dataset: ChrIX
Processing dataset: ChrI
Processing dataset: ChrVIII
Processing dataset: ChrVII
Processing dataset: ChrVI
Processing dataset: ChrV
Processing dataset: ChrXIII
Processing dataset: ChrXII
Processing dataset: ChrXIV
Processing dataset: ChrXI
Processing dataset: ChrXVI
Processing dataset: ChrXV
Processing dataset: ChrX
Processing dataset: ChrIII
Processing dataset: ChrII
Processing dataset: ChrIV
Processing dataset: ChrIX
Processing dataset: ChrI
Processing dataset: ChrVIII
Processing dataset: ChrVII
Processing dataset: ChrVI
Processing dataset: ChrV
Processing dataset: ChrXIII
Processing dataset: ChrXII
Processing dataset: ChrXIV
Processing dataset: ChrXI
Processing dataset: ChrXVI
Processing dataset: ChrXV
Processing dataset: ChrX
Processing dataset: ChrIII
Processing dataset: ChrII
Processing dataset: ChrIV
Processing dataset: ChrIX
Processing dataset: ChrI
Processing dataset: ChrVIII
Processing dataset: ChrVII
Processing dataset: ChrVI
Processing dataset: ChrV
Processing dataset: ChrXIII
Processing dataset: ChrXII
Processing dataset: ChrXIV
Processing dataset: ChrXI
Processing dataset: ChrXVI
Processing dataset: ChrXV
Processing dataset: ChrX
Processing dataset: ChrIII
Processing dataset: ChrII
Processing dataset: ChrIV
Processing dataset: ChrIX
Processing dataset: ChrI
Processing dataset: ChrVIII
Processing dataset: ChrVII
Processing dataset: ChrVI
Processing dataset: ChrV
Processing dataset: ChrXIII
Processing dataset: ChrXII
Processing dataset: ChrXIV
Processing dataset: ChrXI
Processing dataset: ChrXVI
Processing dataset: ChrXV
Processing dataset: ChrX
Processing dataset: ChrIII
Processing dataset: ChrII
Processing dataset: ChrIV
Processing dataset: ChrIX
Processing dataset: ChrI
Processing dataset: ChrVIII
Processing dataset: ChrVII
Processing dataset: ChrVI
Processing dataset: ChrV
Processing dataset: ChrXIII
Processing dataset: ChrXII
Processing dataset: ChrXIV
Processing dataset: ChrXI
Processing dataset: ChrXVI
Processing dataset: ChrXV
Processing dataset: ChrX
Processing dataset: ChrIII
Processing dataset: ChrII
Processing dataset: ChrIV
Processing dataset: ChrIX
Processing dataset: ChrI
Processing dataset: ChrVIII
Processing dataset: ChrVII
Processing dataset: ChrVI
Processing dataset: ChrV
Processing dataset: ChrXIII
Processing dataset: ChrXII
Processing dataset: ChrXIV
Processing dataset: ChrXI
Processing dataset: ChrXVI
Processing dataset: ChrXV
Processing dataset: ChrX
Processing dataset: ChrIII
Processing dataset: ChrII
Processing dataset: ChrIV
Processing dataset: ChrIX
Processing dataset: ChrI
Processing dataset: ChrVIII
Processing dataset: ChrVII
Processing dataset: ChrVI
Processing dataset: ChrV
Processing dataset: ChrXIII
Processing dataset: ChrXII
Processing dataset: ChrXIV
Processing dataset: ChrXI
Processing dataset: ChrXVI
Processing dataset: ChrXV
Processing dataset: ChrX
Processing dataset: ChrIII
Processing dataset: ChrII
Processing dataset: ChrIV
Processing dataset: ChrIX
Processing dataset: ChrI
Processing dataset: ChrVIII
Processing dataset: ChrVII
Processing dataset: ChrVI
Processing dataset: ChrV
Processing dataset: ChrXIII
Processing dataset: ChrXII
Processing dataset: ChrXIV
Processing dataset: ChrXI
Processing dataset: ChrXVI
Processing dataset: ChrXV
Processing dataset: ChrX
Processing dataset: ChrIII
Processing dataset: ChrII
Processing dataset: ChrIV
Processing dataset: ChrIX
Processing dataset: ChrI
Processing dataset: ChrVIII
Processing dataset: ChrVII
Processing dataset: ChrVI
Processing dataset: ChrV
Processing dataset: ChrXIII
Processing dataset: ChrXII
Processing dataset: ChrXIV
Processing dataset: ChrXI
Processing dataset: ChrXVI
Processing dataset: ChrXV
Processing dataset: ChrX
Processing dataset: ChrIII
Processing dataset: ChrII
Processing dataset: ChrIV
Processing dataset: ChrIX
Processing dataset: ChrI
Processing dataset: ChrVIII
Processing dataset: ChrVII
Processing dataset: ChrVI
Processing dataset: ChrV
Processing dataset: ChrXIII
Processing dataset: ChrXII
Processing dataset: ChrXIV
Processing dataset: ChrXI
Processing dataset: ChrXVI
Processing dataset: ChrXV
Processing dataset: ChrX
Processing dataset: ChrIII
Processing dataset: ChrII
Processing dataset: ChrIV
Processing dataset: ChrIX
Processing dataset: ChrI
Processing dataset: ChrVIII
Processing dataset: ChrVII
Processing dataset: ChrVI
Processing dataset: ChrV
Processing dataset: ChrXIII
Processing dataset: ChrXII
Processing dataset: ChrXIV
Processing dataset: ChrXI
Processing dataset: ChrXVI
Processing dataset: ChrXV
Processing dataset: ChrX
Processing dataset: ChrIII
Processing dataset: ChrII
Processing dataset: ChrIV
Processing dataset: ChrIX
Processing dataset: ChrI
Processing dataset: ChrVIII
Processing dataset: ChrVII
Processing dataset: ChrVI
Processing dataset: ChrV
Processing dataset: ChrXIII
Processing dataset: ChrXII
Processing dataset: ChrXIV
Processing dataset: ChrXI
Processing dataset: ChrXVI
Processing dataset: ChrXV
Processing dataset: ChrX
Processing dataset: ChrIII
Processing dataset: ChrII
Processing dataset: ChrIV
Processing dataset: ChrIX
Processing dataset: ChrI
Processing dataset: ChrVIII
Processing dataset: ChrVII
Processing dataset: ChrVI
Processing dataset: ChrV
Processing dataset: ChrXIII
Processing dataset: ChrXII
Processing dataset: ChrXIV
Processing dataset: ChrXI
Processing dataset: ChrXVI
Processing dataset: ChrXV
Processing dataset: ChrX
Processing dataset: ChrIII
Processing dataset: ChrII
Processing dataset: ChrIV
Processing dataset: ChrIX
Processing dataset: ChrI
Processing dataset: ChrVIII
Processing dataset: ChrVII
Processing dataset: ChrVI
Processing dataset: ChrV
Processing dataset: ChrXIII
Processing dataset: ChrXII
Processing dataset: ChrXIV
Processing dataset: ChrXI
Processing dataset: ChrXVI
Processing dataset: ChrXV
Processing dataset: ChrX
Processing dataset: ChrIII
Processing dataset: ChrII
Processing dataset: ChrIV
Processing dataset: ChrIX
Processing dataset: ChrI
Processing dataset: ChrVIII
Processing dataset: ChrVII
Processing dataset: ChrVI
Processing dataset: ChrV
Processing dataset: ChrXIII
Processing dataset: ChrXII
Processing dataset: ChrXIV
Processing dataset: ChrXI
Processing dataset: ChrXVI
Processing dataset: ChrXV
Processing dataset: ChrX
Processing dataset: ChrIII
Processing dataset: ChrII
Processing dataset: ChrIV
Processing dataset: ChrIX
Processing dataset: ChrI
Processing dataset: ChrVIII
Processing dataset: ChrVII
Processing dataset: ChrVI
Processing dataset: ChrV
Processing dataset: ChrXIII
Processing dataset: ChrXII
Processing dataset: ChrXIV
Processing dataset: ChrXI
Processing dataset: ChrXVI
Processing dataset: ChrXV
Processing dataset: ChrX
Processing dataset: ChrIII
Processing dataset: ChrII
Processing dataset: ChrIV
Processing dataset: ChrIX
Processing dataset: ChrI
Processing dataset: ChrVIII
Processing dataset: ChrVII
Processing dataset: ChrVI
Processing dataset: ChrV
Processing dataset: ChrXIII
Processing dataset: ChrXII
Processing dataset: ChrXIV
Processing dataset: ChrXI
Processing dataset: ChrXVI
Processing dataset: ChrXV
Processing dataset: ChrX
Processing dataset: ChrIII
Processing dataset: ChrII
Processing dataset: ChrIV
Processing dataset: ChrIX
Processing dataset: ChrI
Processing dataset: ChrVIII
Processing dataset: ChrVII
Processing dataset: ChrVI
Processing dataset: ChrV
Processing dataset: ChrXIII
Processing dataset: ChrXII
Processing dataset: ChrXIV
Processing dataset: ChrXI
Processing dataset: ChrXVI
Processing dataset: ChrXV
Processing dataset: ChrX
Processing dataset: ChrIII
Processing dataset: ChrII
Processing dataset: ChrIV
Processing dataset: ChrIX
Processing dataset: ChrI
Processing dataset: ChrVIII
Processing dataset: ChrVII
Processing dataset: ChrVI
Processing dataset: ChrV
Processing dataset: ChrXIII
Processing dataset: ChrXII
Processing dataset: ChrXIV
Processing dataset: ChrXI
Processing dataset: ChrXVI
Processing dataset: ChrXV
Processing dataset: ChrX
Processing dataset: ChrIII
Processing dataset: ChrII
Processing dataset: ChrIV
Processing dataset: ChrIX
Processing dataset: ChrI
Processing dataset: ChrVIII
Processing dataset: ChrVII
Processing dataset: ChrVI
Processing dataset: ChrV
Processing dataset: ChrXIII
Processing dataset: ChrXII
Processing dataset: ChrXIV
Processing dataset: ChrXI
Processing dataset: ChrXVI
Processing dataset: ChrXV
Processing dataset: ChrX
