Running model: ZINBAE with file: ZINB_ (SLURM_ARRAY_TASK_ID=0)
Device: cuda
Loading training data from: Data/processed_data/ZINB_train_data.npy
Loading test data from: Data/processed_data/ZINB_test_data.npy
============================================================
TRAINING ZINB AUTOENCODER (ZINBAE)
============================================================
Epoch [1/10], Loss: 2083.6192
Epoch [2/10], Loss: 1980.8529
Epoch [3/10], Loss: 1967.8864
Epoch [4/10], Loss: 1962.0396
Epoch [5/10], Loss: 1950.3958
Epoch [6/10], Loss: 1940.8094
Epoch [7/10], Loss: 1930.7021
Epoch [8/10], Loss: 1926.2503
Epoch [9/10], Loss: 1923.7699
Epoch [10/10], Loss: 1922.4464
Training loss plot saved to /workspace/AE/results/training/ZINB__ZINBAE_20251207_191952_no_conv_training_loss.png
Training losses saved to /workspace/AE/results/training/ZINB__ZINBAE_20251207_191952_no_conv_training_losses.json

==================================================
TEST RESULTS
==================================================
Test Loss (ZINB NLL): 2237.593264
Mean Absolute Error (MAE): 1.693962
R² Score: -3852933.250000
==================================================

Metrics saved to /workspace/AE/results/testing/ZINB__ZINBAE_20251207_192028_no_conv_test_metrics.json
Plots saved to /workspace/AE/results/testing/
