Found 13 datasets to process
Processing strain: strain_FD, dataset: FD11_FDDP210435830-2a_HWYKKDSX2_L1_trimmed_forward_notrimmed.sorted.bam
✗ Error processing strain_FD/FD11_FDDP210435830-2a_HWYKKDSX2_L1_trimmed_forward_notrimmed.sorted.bam: arange: cannot compute length
Processing strain: strain_FD, dataset: FD12_FDDP210435831-2a_HWYKKDSX2_L2_trimmed_forward_notrimmed.sorted.bam
✗ Error processing strain_FD/FD12_FDDP210435831-2a_HWYKKDSX2_L2_trimmed_forward_notrimmed.sorted.bam: arange: cannot compute length
Processing strain: strain_FD, dataset: FD7_1_FDDP210435821-2a_HTWL7DSX2_L4_trimmed_forward_notrimmed.sorted.bam
✗ Error processing strain_FD/FD7_1_FDDP210435821-2a_HTWL7DSX2_L4_trimmed_forward_notrimmed.sorted.bam: arange: cannot compute length
Processing strain: strain_FD, dataset: FD7_2_FDDP210435822-2a_HTWL7DSX2_L4_trimmed_forward_notrimmed.sorted.bam
✗ Error processing strain_FD/FD7_2_FDDP210435822-2a_HTWL7DSX2_L4_trimmed_forward_notrimmed.sorted.bam: arange: cannot compute length
Processing strain: strain_FD, dataset: FD7_3_FDDP210435823-2a_HWYKKDSX2_L2_trimmed_forward_notrimmed.sorted.bam
✗ Error processing strain_FD/FD7_3_FDDP210435823-2a_HWYKKDSX2_L2_trimmed_forward_notrimmed.sorted.bam: arange: cannot compute length
Processing strain: strain_FD, dataset: FD7_4_FDDP210435824-2a_HWYKKDSX2_L2_trimmed_forward_notrimmed.sorted.bam
✗ Error processing strain_FD/FD7_4_FDDP210435824-2a_HWYKKDSX2_L2_trimmed_forward_notrimmed.sorted.bam: arange: cannot compute length
Processing strain: strain_FD, dataset: FD7_5_FDDP210435825-2a_HWYKKDSX2_L2_trimmed_forward_notrimmed.sorted.bam
✗ Error processing strain_FD/FD7_5_FDDP210435825-2a_HWYKKDSX2_L2_trimmed_forward_notrimmed.sorted.bam: arange: cannot compute length
Processing strain: strain_FD, dataset: FD7_6_FDDP210435826-2a_HWYKKDSX2_L2_trimmed_forward_notrimmed.sorted.bam
✗ Error processing strain_FD/FD7_6_FDDP210435826-2a_HWYKKDSX2_L2_trimmed_forward_notrimmed.sorted.bam: arange: cannot compute length
Processing strain: strain_FD, dataset: FD9_1_FDDP210435827-2a_HWYKKDSX2_L1_trimmed_forward_notrimmed.sorted.bam
✗ Error processing strain_FD/FD9_1_FDDP210435827-2a_HWYKKDSX2_L1_trimmed_forward_notrimmed.sorted.bam: arange: cannot compute length
Processing strain: strain_FD, dataset: FD9_2_FDDP210435828-2a_HWYKKDSX2_L2_trimmed_forward_notrimmed.sorted.bam
✗ Error processing strain_FD/FD9_2_FDDP210435828-2a_HWYKKDSX2_L2_trimmed_forward_notrimmed.sorted.bam: arange: cannot compute length
Processing strain: strain_FD, dataset: FD9_3_FDDP210435829-2a_HWYKKDSX2_L2_trimmed_forward_notrimmed.sorted.bam
✗ Error processing strain_FD/FD9_3_FDDP210435829-2a_HWYKKDSX2_L2_trimmed_forward_notrimmed.sorted.bam: arange: cannot compute length
Processing strain: strain_dnrp, dataset: dnrp1-1_merged-DpnII-NlaIII-a_trimmed.sorted.bam
✗ Error processing strain_dnrp/dnrp1-1_merged-DpnII-NlaIII-a_trimmed.sorted.bam: arange: cannot compute length
Processing strain: strain_dnrp, dataset: dnrp1-1_merged-DpnII-NlaIII-b_trimmed.sorted.bam
Creating individual chromosome plots for strain_dnrp/dnrp1-1_merged-DpnII-NlaIII-b_trimmed.sorted.bam
✓ Individual plot saved: ChrI_centromere_density_Boolean_True.png
File not found: Data_exploration/results/densities/centromere/strain_dnrp/dnrp1-1_merged-DpnII-NlaIII-b_trimmed.sorted.bam/ChrII_Boolean:True_centromere_density.csv
File not found: Data_exploration/results/densities/centromere/strain_dnrp/dnrp1-1_merged-DpnII-NlaIII-b_trimmed.sorted.bam/ChrIII_Boolean:True_centromere_density.csv
File not found: Data_exploration/results/densities/centromere/strain_dnrp/dnrp1-1_merged-DpnII-NlaIII-b_trimmed.sorted.bam/ChrIV_Boolean:True_centromere_density.csv
File not found: Data_exploration/results/densities/centromere/strain_dnrp/dnrp1-1_merged-DpnII-NlaIII-b_trimmed.sorted.bam/ChrV_Boolean:True_centromere_density.csv
File not found: Data_exploration/results/densities/centromere/strain_dnrp/dnrp1-1_merged-DpnII-NlaIII-b_trimmed.sorted.bam/ChrVI_Boolean:True_centromere_density.csv
File not found: Data_exploration/results/densities/centromere/strain_dnrp/dnrp1-1_merged-DpnII-NlaIII-b_trimmed.sorted.bam/ChrVII_Boolean:True_centromere_density.csv
File not found: Data_exploration/results/densities/centromere/strain_dnrp/dnrp1-1_merged-DpnII-NlaIII-b_trimmed.sorted.bam/ChrVIII_Boolean:True_centromere_density.csv
File not found: Data_exploration/results/densities/centromere/strain_dnrp/dnrp1-1_merged-DpnII-NlaIII-b_trimmed.sorted.bam/ChrIX_Boolean:True_centromere_density.csv
File not found: Data_exploration/results/densities/centromere/strain_dnrp/dnrp1-1_merged-DpnII-NlaIII-b_trimmed.sorted.bam/ChrX_Boolean:True_centromere_density.csv
File not found: Data_exploration/results/densities/centromere/strain_dnrp/dnrp1-1_merged-DpnII-NlaIII-b_trimmed.sorted.bam/ChrXI_Boolean:True_centromere_density.csv
File not found: Data_exploration/results/densities/centromere/strain_dnrp/dnrp1-1_merged-DpnII-NlaIII-b_trimmed.sorted.bam/ChrXII_Boolean:True_centromere_density.csv
File not found: Data_exploration/results/densities/centromere/strain_dnrp/dnrp1-1_merged-DpnII-NlaIII-b_trimmed.sorted.bam/ChrXIII_Boolean:True_centromere_density.csv
File not found: Data_exploration/results/densities/centromere/strain_dnrp/dnrp1-1_merged-DpnII-NlaIII-b_trimmed.sorted.bam/ChrXIV_Boolean:True_centromere_density.csv
File not found: Data_exploration/results/densities/centromere/strain_dnrp/dnrp1-1_merged-DpnII-NlaIII-b_trimmed.sorted.bam/ChrXV_Boolean:True_centromere_density.csv
File not found: Data_exploration/results/densities/centromere/strain_dnrp/dnrp1-1_merged-DpnII-NlaIII-b_trimmed.sorted.bam/ChrXVI_Boolean:True_centromere_density.csv
✓ Created 1 individual chromosome plots for strain_dnrp/dnrp1-1_merged-DpnII-NlaIII-b_trimmed.sorted.bam
✓ Completed: strain_dnrp/dnrp1-1_merged-DpnII-NlaIII-b_trimmed.sorted.bam
Found 13 datasets to process
Processing strain: strain_FD, dataset: FD11_FDDP210435830-2a_HWYKKDSX2_L1_trimmed_forward_notrimmed.sorted.bam
✗ Error processing strain_FD/FD11_FDDP210435830-2a_HWYKKDSX2_L1_trimmed_forward_notrimmed.sorted.bam: arange: cannot compute length
Processing strain: strain_FD, dataset: FD12_FDDP210435831-2a_HWYKKDSX2_L2_trimmed_forward_notrimmed.sorted.bam
✗ Error processing strain_FD/FD12_FDDP210435831-2a_HWYKKDSX2_L2_trimmed_forward_notrimmed.sorted.bam: arange: cannot compute length
Processing strain: strain_FD, dataset: FD7_1_FDDP210435821-2a_HTWL7DSX2_L4_trimmed_forward_notrimmed.sorted.bam
✗ Error processing strain_FD/FD7_1_FDDP210435821-2a_HTWL7DSX2_L4_trimmed_forward_notrimmed.sorted.bam: arange: cannot compute length
Processing strain: strain_FD, dataset: FD7_2_FDDP210435822-2a_HTWL7DSX2_L4_trimmed_forward_notrimmed.sorted.bam
✗ Error processing strain_FD/FD7_2_FDDP210435822-2a_HTWL7DSX2_L4_trimmed_forward_notrimmed.sorted.bam: arange: cannot compute length
Processing strain: strain_FD, dataset: FD7_3_FDDP210435823-2a_HWYKKDSX2_L2_trimmed_forward_notrimmed.sorted.bam
✗ Error processing strain_FD/FD7_3_FDDP210435823-2a_HWYKKDSX2_L2_trimmed_forward_notrimmed.sorted.bam: arange: cannot compute length
Processing strain: strain_FD, dataset: FD7_4_FDDP210435824-2a_HWYKKDSX2_L2_trimmed_forward_notrimmed.sorted.bam
✗ Error processing strain_FD/FD7_4_FDDP210435824-2a_HWYKKDSX2_L2_trimmed_forward_notrimmed.sorted.bam: arange: cannot compute length
Processing strain: strain_FD, dataset: FD7_5_FDDP210435825-2a_HWYKKDSX2_L2_trimmed_forward_notrimmed.sorted.bam
✗ Error processing strain_FD/FD7_5_FDDP210435825-2a_HWYKKDSX2_L2_trimmed_forward_notrimmed.sorted.bam: arange: cannot compute length
Processing strain: strain_FD, dataset: FD7_6_FDDP210435826-2a_HWYKKDSX2_L2_trimmed_forward_notrimmed.sorted.bam
✗ Error processing strain_FD/FD7_6_FDDP210435826-2a_HWYKKDSX2_L2_trimmed_forward_notrimmed.sorted.bam: arange: cannot compute length
Processing strain: strain_FD, dataset: FD9_1_FDDP210435827-2a_HWYKKDSX2_L1_trimmed_forward_notrimmed.sorted.bam
✗ Error processing strain_FD/FD9_1_FDDP210435827-2a_HWYKKDSX2_L1_trimmed_forward_notrimmed.sorted.bam: arange: cannot compute length
Processing strain: strain_FD, dataset: FD9_2_FDDP210435828-2a_HWYKKDSX2_L2_trimmed_forward_notrimmed.sorted.bam
✗ Error processing strain_FD/FD9_2_FDDP210435828-2a_HWYKKDSX2_L2_trimmed_forward_notrimmed.sorted.bam: arange: cannot compute length
Processing strain: strain_FD, dataset: FD9_3_FDDP210435829-2a_HWYKKDSX2_L2_trimmed_forward_notrimmed.sorted.bam
✗ Error processing strain_FD/FD9_3_FDDP210435829-2a_HWYKKDSX2_L2_trimmed_forward_notrimmed.sorted.bam: arange: cannot compute length
Processing strain: strain_dnrp, dataset: dnrp1-1_merged-DpnII-NlaIII-a_trimmed.sorted.bam
✗ Error processing strain_dnrp/dnrp1-1_merged-DpnII-NlaIII-a_trimmed.sorted.bam: arange: cannot compute length
Processing strain: strain_dnrp, dataset: dnrp1-1_merged-DpnII-NlaIII-b_trimmed.sorted.bam
Creating individual chromosome plots for strain_dnrp/dnrp1-1_merged-DpnII-NlaIII-b_trimmed.sorted.bam
✓ Individual plot saved: ChrI_centromere_density_Boolean_False.png
File not found: Data_exploration/results/densities/centromere_counts/strain_dnrp/dnrp1-1_merged-DpnII-NlaIII-b_trimmed.sorted.bam/ChrII_Boolean:False_centromere_density.csv
File not found: Data_exploration/results/densities/centromere_counts/strain_dnrp/dnrp1-1_merged-DpnII-NlaIII-b_trimmed.sorted.bam/ChrIII_Boolean:False_centromere_density.csv
File not found: Data_exploration/results/densities/centromere_counts/strain_dnrp/dnrp1-1_merged-DpnII-NlaIII-b_trimmed.sorted.bam/ChrIV_Boolean:False_centromere_density.csv
File not found: Data_exploration/results/densities/centromere_counts/strain_dnrp/dnrp1-1_merged-DpnII-NlaIII-b_trimmed.sorted.bam/ChrV_Boolean:False_centromere_density.csv
File not found: Data_exploration/results/densities/centromere_counts/strain_dnrp/dnrp1-1_merged-DpnII-NlaIII-b_trimmed.sorted.bam/ChrVI_Boolean:False_centromere_density.csv
File not found: Data_exploration/results/densities/centromere_counts/strain_dnrp/dnrp1-1_merged-DpnII-NlaIII-b_trimmed.sorted.bam/ChrVII_Boolean:False_centromere_density.csv
File not found: Data_exploration/results/densities/centromere_counts/strain_dnrp/dnrp1-1_merged-DpnII-NlaIII-b_trimmed.sorted.bam/ChrVIII_Boolean:False_centromere_density.csv
File not found: Data_exploration/results/densities/centromere_counts/strain_dnrp/dnrp1-1_merged-DpnII-NlaIII-b_trimmed.sorted.bam/ChrIX_Boolean:False_centromere_density.csv
File not found: Data_exploration/results/densities/centromere_counts/strain_dnrp/dnrp1-1_merged-DpnII-NlaIII-b_trimmed.sorted.bam/ChrX_Boolean:False_centromere_density.csv
File not found: Data_exploration/results/densities/centromere_counts/strain_dnrp/dnrp1-1_merged-DpnII-NlaIII-b_trimmed.sorted.bam/ChrXI_Boolean:False_centromere_density.csv
File not found: Data_exploration/results/densities/centromere_counts/strain_dnrp/dnrp1-1_merged-DpnII-NlaIII-b_trimmed.sorted.bam/ChrXII_Boolean:False_centromere_density.csv
File not found: Data_exploration/results/densities/centromere_counts/strain_dnrp/dnrp1-1_merged-DpnII-NlaIII-b_trimmed.sorted.bam/ChrXIII_Boolean:False_centromere_density.csv
File not found: Data_exploration/results/densities/centromere_counts/strain_dnrp/dnrp1-1_merged-DpnII-NlaIII-b_trimmed.sorted.bam/ChrXIV_Boolean:False_centromere_density.csv
File not found: Data_exploration/results/densities/centromere_counts/strain_dnrp/dnrp1-1_merged-DpnII-NlaIII-b_trimmed.sorted.bam/ChrXV_Boolean:False_centromere_density.csv
File not found: Data_exploration/results/densities/centromere_counts/strain_dnrp/dnrp1-1_merged-DpnII-NlaIII-b_trimmed.sorted.bam/ChrXVI_Boolean:False_centromere_density.csv
✓ Created 1 individual chromosome plots for strain_dnrp/dnrp1-1_merged-DpnII-NlaIII-b_trimmed.sorted.bam
✓ Completed: strain_dnrp/dnrp1-1_merged-DpnII-NlaIII-b_trimmed.sorted.bam
