Device: cuda
============================================================
TRAINING VARIATIONAL AUTOENCODER (VAE)
============================================================
Epoch [1/10], Total Loss: 0.0216, Recon: 0.0043, KL: 0.0173
Epoch [2/10], Total Loss: 0.0043, Recon: 0.0043, KL: 0.0000
Epoch [3/10], Total Loss: 0.0043, Recon: 0.0043, KL: 0.0000
Epoch [4/10], Total Loss: 0.0043, Recon: 0.0043, KL: 0.0000
Epoch [5/10], Total Loss: 0.0043, Recon: 0.0043, KL: 0.0000
Epoch [6/10], Total Loss: 0.0043, Recon: 0.0043, KL: 0.0000
Epoch [7/10], Total Loss: 0.0043, Recon: 0.0043, KL: 0.0000
Epoch [8/10], Total Loss: 0.0043, Recon: 0.0043, KL: 0.0000
Epoch [9/10], Total Loss: 0.0043, Recon: 0.0043, KL: 0.0000
Epoch [10/10], Total Loss: 0.0043, Recon: 0.0043, KL: 0.0000
Training loss plot saved to AE/results/training/VAE_20251129_122001_training_loss.png
Training losses saved to AE/results/training/VAE_20251129_122001_training_losses.json
Training loss plot saved to AE/results/training/training_loss.png

==================================================
TEST RESULTS
==================================================
Test Loss (MSE): 0.013634
Mean Absolute Error (MAE): 0.025633
R² Score: -0.004251
Reconstruction Loss: 0.002270
KL Divergence: 0.011364
==================================================

Metrics saved to AE/results/testing/VAE_20251129_122033_test_metrics.json
Plots saved to AE/results/testing/
