Found 13 datasets to process
Processing strain: strain_FD, dataset: FD11_FDDP210435830-2a_HWYKKDSX2_L1_trimmed_forward_notrimmed.sorted.bam
All distances are NaN for ChrM in strain_FD/FD11_FDDP210435830-2a_HWYKKDSX2_L1_trimmed_forward_notrimmed.sorted.bam. Skipping.
Creating individual chromosome plots for strain_FD/FD11_FDDP210435830-2a_HWYKKDSX2_L1_trimmed_forward_notrimmed.sorted.bam
✓ Individual plot saved: ChrI_centromere_density_Boolean_True.png
✓ Individual plot saved: ChrII_centromere_density_Boolean_True.png
✓ Individual plot saved: ChrIII_centromere_density_Boolean_True.png
✓ Individual plot saved: ChrIV_centromere_density_Boolean_True.png
✓ Individual plot saved: ChrV_centromere_density_Boolean_True.png
✓ Individual plot saved: ChrVI_centromere_density_Boolean_True.png
✓ Individual plot saved: ChrVII_centromere_density_Boolean_True.png
✓ Individual plot saved: ChrVIII_centromere_density_Boolean_True.png
✓ Individual plot saved: ChrIX_centromere_density_Boolean_True.png
✓ Individual plot saved: ChrX_centromere_density_Boolean_True.png
✓ Individual plot saved: ChrXI_centromere_density_Boolean_True.png
✓ Individual plot saved: ChrXII_centromere_density_Boolean_True.png
✓ Individual plot saved: ChrXIII_centromere_density_Boolean_True.png
✓ Individual plot saved: ChrXIV_centromere_density_Boolean_True.png
✓ Individual plot saved: ChrXV_centromere_density_Boolean_True.png
✓ Individual plot saved: ChrXVI_centromere_density_Boolean_True.png
✓ Created 16 individual chromosome plots for strain_FD/FD11_FDDP210435830-2a_HWYKKDSX2_L1_trimmed_forward_notrimmed.sorted.bam
✓ Completed: strain_FD/FD11_FDDP210435830-2a_HWYKKDSX2_L1_trimmed_forward_notrimmed.sorted.bam
Processing strain: strain_FD, dataset: FD12_FDDP210435831-2a_HWYKKDSX2_L2_trimmed_forward_notrimmed.sorted.bam
All distances are NaN for ChrM in strain_FD/FD12_FDDP210435831-2a_HWYKKDSX2_L2_trimmed_forward_notrimmed.sorted.bam. Skipping.
Creating individual chromosome plots for strain_FD/FD12_FDDP210435831-2a_HWYKKDSX2_L2_trimmed_forward_notrimmed.sorted.bam
✓ Individual plot saved: ChrI_centromere_density_Boolean_True.png
✓ Individual plot saved: ChrII_centromere_density_Boolean_True.png
✓ Individual plot saved: ChrIII_centromere_density_Boolean_True.png
✓ Individual plot saved: ChrIV_centromere_density_Boolean_True.png
✓ Individual plot saved: ChrV_centromere_density_Boolean_True.png
✓ Individual plot saved: ChrVI_centromere_density_Boolean_True.png
✓ Individual plot saved: ChrVII_centromere_density_Boolean_True.png
✓ Individual plot saved: ChrVIII_centromere_density_Boolean_True.png
✓ Individual plot saved: ChrIX_centromere_density_Boolean_True.png
✓ Individual plot saved: ChrX_centromere_density_Boolean_True.png
✓ Individual plot saved: ChrXI_centromere_density_Boolean_True.png
✓ Individual plot saved: ChrXII_centromere_density_Boolean_True.png
✓ Individual plot saved: ChrXIII_centromere_density_Boolean_True.png
✓ Individual plot saved: ChrXIV_centromere_density_Boolean_True.png
✓ Individual plot saved: ChrXV_centromere_density_Boolean_True.png
✓ Individual plot saved: ChrXVI_centromere_density_Boolean_True.png
✓ Created 16 individual chromosome plots for strain_FD/FD12_FDDP210435831-2a_HWYKKDSX2_L2_trimmed_forward_notrimmed.sorted.bam
✓ Completed: strain_FD/FD12_FDDP210435831-2a_HWYKKDSX2_L2_trimmed_forward_notrimmed.sorted.bam
Processing strain: strain_FD, dataset: FD7_1_FDDP210435821-2a_HTWL7DSX2_L4_trimmed_forward_notrimmed.sorted.bam
All distances are NaN for ChrM in strain_FD/FD7_1_FDDP210435821-2a_HTWL7DSX2_L4_trimmed_forward_notrimmed.sorted.bam. Skipping.
Creating individual chromosome plots for strain_FD/FD7_1_FDDP210435821-2a_HTWL7DSX2_L4_trimmed_forward_notrimmed.sorted.bam
✓ Individual plot saved: ChrI_centromere_density_Boolean_True.png
✓ Individual plot saved: ChrII_centromere_density_Boolean_True.png
✓ Individual plot saved: ChrIII_centromere_density_Boolean_True.png
✓ Individual plot saved: ChrIV_centromere_density_Boolean_True.png
✓ Individual plot saved: ChrV_centromere_density_Boolean_True.png
✓ Individual plot saved: ChrVI_centromere_density_Boolean_True.png
✓ Individual plot saved: ChrVII_centromere_density_Boolean_True.png
✓ Individual plot saved: ChrVIII_centromere_density_Boolean_True.png
✓ Individual plot saved: ChrIX_centromere_density_Boolean_True.png
✓ Individual plot saved: ChrX_centromere_density_Boolean_True.png
✓ Individual plot saved: ChrXI_centromere_density_Boolean_True.png
✓ Individual plot saved: ChrXII_centromere_density_Boolean_True.png
✓ Individual plot saved: ChrXIII_centromere_density_Boolean_True.png
✓ Individual plot saved: ChrXIV_centromere_density_Boolean_True.png
✓ Individual plot saved: ChrXV_centromere_density_Boolean_True.png
✓ Individual plot saved: ChrXVI_centromere_density_Boolean_True.png
✓ Created 16 individual chromosome plots for strain_FD/FD7_1_FDDP210435821-2a_HTWL7DSX2_L4_trimmed_forward_notrimmed.sorted.bam
✓ Completed: strain_FD/FD7_1_FDDP210435821-2a_HTWL7DSX2_L4_trimmed_forward_notrimmed.sorted.bam
Processing strain: strain_FD, dataset: FD7_2_FDDP210435822-2a_HTWL7DSX2_L4_trimmed_forward_notrimmed.sorted.bam
All distances are NaN for ChrM in strain_FD/FD7_2_FDDP210435822-2a_HTWL7DSX2_L4_trimmed_forward_notrimmed.sorted.bam. Skipping.
Creating individual chromosome plots for strain_FD/FD7_2_FDDP210435822-2a_HTWL7DSX2_L4_trimmed_forward_notrimmed.sorted.bam
✓ Individual plot saved: ChrI_centromere_density_Boolean_True.png
✓ Individual plot saved: ChrII_centromere_density_Boolean_True.png
✓ Individual plot saved: ChrIII_centromere_density_Boolean_True.png
✓ Individual plot saved: ChrIV_centromere_density_Boolean_True.png
✓ Individual plot saved: ChrV_centromere_density_Boolean_True.png
✓ Individual plot saved: ChrVI_centromere_density_Boolean_True.png
✓ Individual plot saved: ChrVII_centromere_density_Boolean_True.png
✓ Individual plot saved: ChrVIII_centromere_density_Boolean_True.png
✓ Individual plot saved: ChrIX_centromere_density_Boolean_True.png
✓ Individual plot saved: ChrX_centromere_density_Boolean_True.png
✓ Individual plot saved: ChrXI_centromere_density_Boolean_True.png
✓ Individual plot saved: ChrXII_centromere_density_Boolean_True.png
✓ Individual plot saved: ChrXIII_centromere_density_Boolean_True.png
✓ Individual plot saved: ChrXIV_centromere_density_Boolean_True.png
✓ Individual plot saved: ChrXV_centromere_density_Boolean_True.png
✓ Individual plot saved: ChrXVI_centromere_density_Boolean_True.png
✓ Created 16 individual chromosome plots for strain_FD/FD7_2_FDDP210435822-2a_HTWL7DSX2_L4_trimmed_forward_notrimmed.sorted.bam
✓ Completed: strain_FD/FD7_2_FDDP210435822-2a_HTWL7DSX2_L4_trimmed_forward_notrimmed.sorted.bam
Processing strain: strain_FD, dataset: FD7_3_FDDP210435823-2a_HWYKKDSX2_L2_trimmed_forward_notrimmed.sorted.bam
All distances are NaN for ChrM in strain_FD/FD7_3_FDDP210435823-2a_HWYKKDSX2_L2_trimmed_forward_notrimmed.sorted.bam. Skipping.
Creating individual chromosome plots for strain_FD/FD7_3_FDDP210435823-2a_HWYKKDSX2_L2_trimmed_forward_notrimmed.sorted.bam
✓ Individual plot saved: ChrI_centromere_density_Boolean_True.png
✓ Individual plot saved: ChrII_centromere_density_Boolean_True.png
✓ Individual plot saved: ChrIII_centromere_density_Boolean_True.png
✓ Individual plot saved: ChrIV_centromere_density_Boolean_True.png
✓ Individual plot saved: ChrV_centromere_density_Boolean_True.png
✓ Individual plot saved: ChrVI_centromere_density_Boolean_True.png
✓ Individual plot saved: ChrVII_centromere_density_Boolean_True.png
✓ Individual plot saved: ChrVIII_centromere_density_Boolean_True.png
✓ Individual plot saved: ChrIX_centromere_density_Boolean_True.png
✓ Individual plot saved: ChrX_centromere_density_Boolean_True.png
✓ Individual plot saved: ChrXI_centromere_density_Boolean_True.png
✓ Individual plot saved: ChrXII_centromere_density_Boolean_True.png
✓ Individual plot saved: ChrXIII_centromere_density_Boolean_True.png
✓ Individual plot saved: ChrXIV_centromere_density_Boolean_True.png
