Running model: ZINBAE with file: ZINB_ (SLURM_ARRAY_TASK_ID=0)
Device: cuda
Loading training data from: Data/processed_data/ZINB_train_data.npy
Loading test data from: Data/processed_data/ZINB_test_data.npy
============================================================
TRAINING ZINB AUTOENCODER (ZINBAE)
============================================================
Epoch [1/10], Loss: 2101.7786
Epoch [2/10], Loss: 1988.0769
Epoch [3/10], Loss: 1958.5943
Epoch [4/10], Loss: 1949.4844
Epoch [5/10], Loss: 1944.6744
Epoch [6/10], Loss: 1934.0165
Epoch [7/10], Loss: 1923.1636
Epoch [8/10], Loss: 1915.9925
Epoch [9/10], Loss: 1910.4859
Epoch [10/10], Loss: 1904.5938
Training loss plot saved to /workspace/AE/results/training/ZINB__ZINBAE_20251208_102102_no_conv_training_loss.png
Training losses saved to /workspace/AE/results/training/ZINB__ZINBAE_20251208_102102_no_conv_training_losses.json

==================================================
TEST RESULTS
==================================================
Test Loss (ZINB NLL): 2258.784610
Mean Absolute Error (MAE): 3.295481
R² Score: -212449776.000000
==================================================

ZINB metrics saved to /workspace/AE/results/testing/ZINB__ZINBAE_20251208_102130_no_conv_test_metrics.json
ZINB-specific plots saved to /workspace/AE/results/testing/
