Task 0: Training ZINBAE
Device: cuda
Loading training data from: Data/processed_data/BinSize10_MovingAvgFalse_ZINB_train_data.npy
Loading test data from: Data/processed_data/BinSize10_MovingAvgFalse_ZINB_test_data.npy
Number of training samples: 14824
============================================================
TRAINING ZINB AUTOENCODER (ZINBAE)
============================================================
Epoch [1/100], Loss: 1.6415
Epoch [2/100], Loss: 1.5798
Epoch [3/100], Loss: 1.5630
Epoch [4/100], Loss: 1.5524
Epoch [5/100], Loss: 1.5424
Epoch [6/100], Loss: 1.5342
Epoch [7/100], Loss: 1.5227
Epoch [8/100], Loss: 1.5152
Epoch [9/100], Loss: 1.5107
Epoch [10/100], Loss: 1.5044
Epoch [11/100], Loss: 1.4965
Epoch [12/100], Loss: 1.4909
Epoch [13/100], Loss: 1.4850
Epoch [14/100], Loss: 1.4782
Epoch [15/100], Loss: 1.4768
Epoch [16/100], Loss: 1.4718
Epoch [17/100], Loss: 1.4663
Epoch [18/100], Loss: 1.4608
Epoch [19/100], Loss: 1.4573
Epoch [20/100], Loss: 1.4520
Epoch [21/100], Loss: 1.4461
Epoch [22/100], Loss: 1.4412
Epoch [23/100], Loss: 1.4405
Epoch [24/100], Loss: 1.4341
Epoch [25/100], Loss: 1.4344
Epoch [26/100], Loss: 1.4284
Epoch [27/100], Loss: 1.4273
Epoch [28/100], Loss: 1.4224
Epoch [29/100], Loss: 1.4220
Epoch [30/100], Loss: 1.4177
Epoch [31/100], Loss: 1.4147
Epoch [32/100], Loss: 1.4148
Epoch [33/100], Loss: 1.4150
Epoch [34/100], Loss: 1.4090
Epoch [35/100], Loss: 1.4070
Epoch [36/100], Loss: 1.4057
Epoch [37/100], Loss: 1.4060
Epoch [38/100], Loss: 1.4009
Epoch [39/100], Loss: 1.4055
Epoch [40/100], Loss: 1.3985
Epoch [41/100], Loss: 1.3980
Epoch [42/100], Loss: 1.4007
Epoch [43/100], Loss: 1.3959
Epoch [44/100], Loss: 1.3927
Epoch [45/100], Loss: 1.3944
Epoch [46/100], Loss: 1.3930
Epoch [47/100], Loss: 1.3919
Epoch [48/100], Loss: 1.3874
Epoch [49/100], Loss: 1.3894
Epoch [50/100], Loss: 1.3889
Epoch [51/100], Loss: 1.3867
Epoch [52/100], Loss: 1.3862
Epoch [53/100], Loss: 1.3838
Epoch [54/100], Loss: 1.3837
Epoch [55/100], Loss: 1.3817
Epoch [56/100], Loss: 1.3812
Epoch [57/100], Loss: 1.3839
Epoch [58/100], Loss: 1.3825
Epoch [59/100], Loss: 1.3787
Epoch [60/100], Loss: 1.3762
Epoch [61/100], Loss: 1.3768
Epoch [62/100], Loss: 1.3754
Epoch [63/100], Loss: 1.3763
Epoch [64/100], Loss: 1.3778
Epoch [65/100], Loss: 1.3737
Epoch [66/100], Loss: 1.3730
Epoch [67/100], Loss: 1.3717
Epoch [68/100], Loss: 1.3709
Epoch [69/100], Loss: 1.3737
Epoch [70/100], Loss: 1.3713
Epoch [71/100], Loss: 1.3691
Epoch [72/100], Loss: 1.3673
Epoch [73/100], Loss: 1.3687
Epoch [74/100], Loss: 1.3688
Epoch [75/100], Loss: 1.3661
Epoch [76/100], Loss: 1.3644
Epoch [77/100], Loss: 1.3658
Epoch [78/100], Loss: 1.3664
Epoch [79/100], Loss: 1.3643
Epoch [80/100], Loss: 1.3663
Epoch [81/100], Loss: 1.3624
Epoch [82/100], Loss: 1.3656
Epoch [83/100], Loss: 1.3620
Epoch [84/100], Loss: 1.3622
Epoch [85/100], Loss: 1.3604
Epoch [86/100], Loss: 1.3611
Epoch [87/100], Loss: 1.3594
Epoch [88/100], Loss: 1.3607
Epoch [89/100], Loss: 1.3598
Epoch [90/100], Loss: 1.3577
Epoch [91/100], Loss: 1.3594
Epoch [92/100], Loss: 1.3580
Epoch [93/100], Loss: 1.3563
Epoch [94/100], Loss: 1.3558
Epoch [95/100], Loss: 1.3552
Epoch [96/100], Loss: 1.3557
Epoch [97/100], Loss: 1.3592
Epoch [98/100], Loss: 1.3542
Epoch [99/100], Loss: 1.3530
Epoch [100/100], Loss: 1.3554
Training loss plot saved to /workspace/AE/results/training/trial_new/trial_new_ZINBAE_20260116_103125_conv_training_loss.png
Training losses saved to /workspace/AE/results/training/trial_new/trial_new_ZINBAE_20260116_103125_conv_training_losses.json

==================================================
EVALUATING ON TRAINING DATA
==================================================

==================================================
TEST RESULTS
==================================================
Test Loss (ZINB NLL): 1.350454
Mean Absolute Error (MAE): 2.234338
R² Score: -145.012512
==================================================

Using raw counts for evaluation metrics.
29648000 13164927 16483073
ZINB metrics saved to /workspace/AE/results/training/trial_new/trial_new_ZINBAE_20260116_103127_conv_test_metrics.json
ZINB-specific plots saved to /workspace/AE/results/training/trial_new/

==================================================
TEST RESULTS
==================================================
Test Loss (ZINB NLL): 2.184408
Mean Absolute Error (MAE): 2.349612
R² Score: -58.088589
==================================================

Using raw counts for evaluation metrics.
3920000 1662825 2257175
ZINB metrics saved to /workspace/AE/results/testing/trial_new/trial_new_ZINBAE_20260116_103956_conv_test_metrics.json
ZINB-specific plots saved to /workspace/AE/results/testing/trial_new/
