Task 0: Training ZINBAE
Device: cuda
Loading training data from: Data/processed_data/BinSize10_MovingAvgFalse_ZINB_train_data.npy
Loading test data from: Data/processed_data/BinSize10_MovingAvgFalse_ZINB_test_data.npy
Number of training samples: 14824
============================================================
TRAINING ZINB AUTOENCODER (ZINBAE)
============================================================
Epoch [1/100], Loss: 1.7208
Epoch [2/100], Loss: 1.5833
Epoch [3/100], Loss: 1.5655
Epoch [4/100], Loss: 1.5512
Epoch [5/100], Loss: 1.5445
Epoch [6/100], Loss: 1.5361
Epoch [7/100], Loss: 1.5265
Epoch [8/100], Loss: 1.5208
Epoch [9/100], Loss: 1.5130
Epoch [10/100], Loss: 1.5064
Epoch [11/100], Loss: 1.5006
Epoch [12/100], Loss: 1.4949
Epoch [13/100], Loss: 1.4892
Epoch [14/100], Loss: 1.4849
Epoch [15/100], Loss: 1.4816
Epoch [16/100], Loss: 1.4735
Epoch [17/100], Loss: 1.4682
Epoch [18/100], Loss: 1.4634
Epoch [19/100], Loss: 1.4593
Epoch [20/100], Loss: 1.4540
Epoch [21/100], Loss: 1.4475
Epoch [22/100], Loss: 1.4438
Epoch [23/100], Loss: 1.4391
Epoch [24/100], Loss: 1.4382
Epoch [25/100], Loss: 1.4338
Epoch [26/100], Loss: 1.4279
Epoch [27/100], Loss: 1.4252
Epoch [28/100], Loss: 1.4228
Epoch [29/100], Loss: 1.4181
Epoch [30/100], Loss: 1.4147
Epoch [31/100], Loss: 1.4141
Epoch [32/100], Loss: 1.4113
Epoch [33/100], Loss: 1.4122
Epoch [34/100], Loss: 1.4115
Epoch [35/100], Loss: 1.4074
Epoch [36/100], Loss: 1.4040
Epoch [37/100], Loss: 1.4040
Epoch [38/100], Loss: 1.4026
Epoch [39/100], Loss: 1.3996
Epoch [40/100], Loss: 1.3975
Epoch [41/100], Loss: 1.3947
Epoch [42/100], Loss: 1.3944
Epoch [43/100], Loss: 1.3951
Epoch [44/100], Loss: 1.3919
Epoch [45/100], Loss: 1.3901
Epoch [46/100], Loss: 1.3946
Epoch [47/100], Loss: 1.3873
Epoch [48/100], Loss: 1.3900
Epoch [49/100], Loss: 1.3896
Epoch [50/100], Loss: 1.3865
Epoch [51/100], Loss: 1.3835
Epoch [52/100], Loss: 1.3820
Epoch [53/100], Loss: 1.3803
Epoch [54/100], Loss: 1.3810
Epoch [55/100], Loss: 1.3794
Epoch [56/100], Loss: 1.3799
Epoch [57/100], Loss: 1.3821
Epoch [58/100], Loss: 1.3763
Epoch [59/100], Loss: 1.3759
Epoch [60/100], Loss: 1.3755
Epoch [61/100], Loss: 1.3758
Epoch [62/100], Loss: 1.3745
Epoch [63/100], Loss: 1.3748
Epoch [64/100], Loss: 1.3737
Epoch [65/100], Loss: 1.3700
Epoch [66/100], Loss: 1.3712
Epoch [67/100], Loss: 1.3698
Epoch [68/100], Loss: 1.3727
Epoch [69/100], Loss: 1.3693
Epoch [70/100], Loss: 1.3662
Epoch [71/100], Loss: 1.3648
Epoch [72/100], Loss: 1.3668
Epoch [73/100], Loss: 1.3645
Epoch [74/100], Loss: 1.3635
Epoch [75/100], Loss: 1.3630
Epoch [76/100], Loss: 1.3646
Epoch [77/100], Loss: 1.3641
Epoch [78/100], Loss: 1.3605
Epoch [79/100], Loss: 1.3654
Epoch [80/100], Loss: 1.3649
Epoch [81/100], Loss: 1.3636
Epoch [82/100], Loss: 1.3599
Epoch [83/100], Loss: 1.3584
Epoch [84/100], Loss: 1.3575
Epoch [85/100], Loss: 1.3608
Epoch [86/100], Loss: 1.3565
Epoch [87/100], Loss: 1.3559
Epoch [88/100], Loss: 1.3560
Epoch [89/100], Loss: 1.3568
Epoch [90/100], Loss: 1.3543
Epoch [91/100], Loss: 1.3565
Epoch [92/100], Loss: 1.3554
Epoch [93/100], Loss: 1.3536
Epoch [94/100], Loss: 1.3543
Epoch [95/100], Loss: 1.3521
Epoch [96/100], Loss: 1.3515
Epoch [97/100], Loss: 1.3536
Epoch [98/100], Loss: 1.3504
Epoch [99/100], Loss: 1.3552
Epoch [100/100], Loss: 1.3515
Training loss plot saved to /workspace/AE/results/training/trial/trial_ZINBAE_20260114_164105_conv_training_loss.png
Training losses saved to /workspace/AE/results/training/trial/trial_ZINBAE_20260114_164105_conv_training_losses.json

==================================================
EVALUATING ON TRAINING DATA
==================================================

==================================================
TEST RESULTS
==================================================
Test Loss (ZINB NLL): 1.343881
Mean Absolute Error (MAE): 2.365412
R² Score: -104.029167
==================================================

Using raw counts for evaluation metrics.
29648000 13164927 16483073
ZINB metrics saved to /workspace/AE/results/training/trial/trial_ZINBAE_20260114_164110_conv_test_metrics.json
ZINB-specific plots saved to /workspace/AE/results/training/trial/

==================================================
TEST RESULTS
==================================================
Test Loss (ZINB NLL): 2.257263
Mean Absolute Error (MAE): 2.316355
R² Score: -55.305569
==================================================

Using raw counts for evaluation metrics.
3920000 1662825 2257175
ZINB metrics saved to /workspace/AE/results/testing/trial/trial_ZINBAE_20260114_165453_conv_test_metrics.json
ZINB-specific plots saved to /workspace/AE/results/testing/trial/
