Running model: ZINBVAE with file: ZINB_ (SLURM_ARRAY_TASK_ID=1)
Device: cuda
Loading training data from: Data/processed_data/ZINB_train_data.npy
Loading test data from: Data/processed_data/ZINB_test_data.npy
============================================================
TRAINING ZINB VARIATIONAL AUTOENCODER (ZINBVAE)
============================================================
Epoch [1/10], Total Loss: 2186.0445, Recon: 2179.1540, KL: 6.8905
Epoch [2/10], Total Loss: 2152.8418, Recon: 2148.7697, KL: 4.0721
Epoch [3/10], Total Loss: 2148.1141, Recon: 2144.2955, KL: 3.8186
Epoch [4/10], Total Loss: 2146.5375, Recon: 2142.7758, KL: 3.7617
Epoch [5/10], Total Loss: 2145.1378, Recon: 2141.5252, KL: 3.6126
Epoch [6/10], Total Loss: 2144.5869, Recon: 2140.9970, KL: 3.5899
Epoch [7/10], Total Loss: 2133.2977, Recon: 2128.2264, KL: 5.0712
Epoch [8/10], Total Loss: 2086.8739, Recon: 2079.2157, KL: 7.6582
Epoch [9/10], Total Loss: 2080.7166, Recon: 2074.1794, KL: 6.5372
Epoch [10/10], Total Loss: 2078.5519, Recon: 2072.2301, KL: 6.3217
Training loss plots saved to /workspace/AE/results/training/
Training losses saved to /workspace/AE/results/training/ZINB__ZINBVAE_20251208_102006_no_conv_training_losses.json

==================================================
TEST RESULTS
==================================================
Test Loss (ZINB NLL): 2437.869062
Mean Absolute Error (MAE): 5.506429
R² Score: -9221991424.000000
Reconstruction Loss: 2431.404900
KL Divergence: 6.464160
==================================================

ZINB metrics saved to /workspace/AE/results/testing/ZINB__ZINBVAE_20251208_102036_no_conv_test_metrics.json
ZINB-specific plots saved to /workspace/AE/results/testing/
