Gene YER023W already processed, skipping.
Gene YDR487C already processed, skipping.
Gene YPL009C already processed, skipping.
Gene YBR042C already processed, skipping.
Gene YOR044W already processed, skipping.
Gene YNL175C already processed, skipping.
Gene YFL036W already processed, skipping.
Gene YGR172C already processed, skipping.
Processing gene: YNL202W
Processing gene: YPL200W
Processing gene: YGR134W
Processing gene: YGR294W
Processing gene: YPR203W
Processing gene: YBL029W
Processing gene: YGR218W
Processing gene: YNL021W
Processing gene: YKR032W
Processing gene: YCL058W-A
Processing gene: YGR022C
Processing gene: YBR270C
Processing gene: YJR155W
Processing gene: YFR014C
Processing gene: YDR052C
Processing gene: YJL110C
Processing gene: YPL125W
Processing gene: YKR055W
Processing gene: YPL018W
Processing gene: YLR303W
Processing gene: YFR015C
Processing gene: YIL107C
Processing gene: YGR016C-A
