Running model: AE (SLURM_ARRAY_TASK_ID=0)
Device: cuda
============================================================
TRAINING AUTOENCODER (AE)
============================================================
Epoch [1/10], Loss: 8.9686
Epoch [2/10], Loss: 8.5141
Epoch [3/10], Loss: 8.5141
Epoch [4/10], Loss: 8.5139
Epoch [5/10], Loss: 8.5141
Epoch [6/10], Loss: 8.5142
Epoch [7/10], Loss: 8.5142
Epoch [8/10], Loss: 8.5143
Epoch [9/10], Loss: 8.5143
Epoch [10/10], Loss: 8.5138
Training loss plot saved to AE/results/training/AE_20251202_171507_no_conv_training_loss.png
Training losses saved to AE/results/training/AE_20251202_171507_no_conv_training_losses.json
Training loss plot saved to AE/results/training/training_loss_AE_20251202_171507.png

==================================================
TEST RESULTS
==================================================
Test Loss (MSE): 4.534319
Mean Absolute Error (MAE): 0.025184
R² Score: -0.002793
==================================================

Metrics saved to AE/results/testing/AE_20251202_171525_no_conv_test_metrics.json
Plots saved to AE/results/testing/
