Task 0: Training ZINBAE
Device: cuda
Loading training data from: Data/processed_data/BinSize10_MovingAvgFalse_ZINB_train_data.npy
Loading test data from: Data/processed_data/BinSize10_MovingAvgFalse_ZINB_test_data.npy
Number of training samples: 14824
============================================================
TRAINING ZINB AUTOENCODER (ZINBAE)
============================================================
Epoch [1/100], Loss: 2.0847
Epoch [2/100], Loss: 1.8853
Epoch [3/100], Loss: 1.8766
Epoch [4/100], Loss: 1.8642
Epoch [5/100], Loss: 1.8510
Epoch [6/100], Loss: 1.8358
Epoch [7/100], Loss: 1.8253
Epoch [8/100], Loss: 1.8118
Epoch [9/100], Loss: 1.8018
Epoch [10/100], Loss: 1.7916
Epoch [11/100], Loss: 1.7818
Epoch [12/100], Loss: 1.7733
Epoch [13/100], Loss: 1.7642
Epoch [14/100], Loss: 1.7548
Epoch [15/100], Loss: 1.7460
Epoch [16/100], Loss: 1.7389
Epoch [17/100], Loss: 1.7327
Epoch [18/100], Loss: 1.7257
Epoch [19/100], Loss: 1.7218
Epoch [20/100], Loss: 1.7158
Epoch [21/100], Loss: 1.7140
Epoch [22/100], Loss: 1.7108
Epoch [23/100], Loss: 1.7038
Epoch [24/100], Loss: 1.6995
Epoch [25/100], Loss: 1.6960
Epoch [26/100], Loss: 1.6942
Epoch [27/100], Loss: 1.6902
Epoch [28/100], Loss: 1.6865
Epoch [29/100], Loss: 1.6840
Epoch [30/100], Loss: 1.6815
Epoch [31/100], Loss: 1.6778
Epoch [32/100], Loss: 1.6763
Epoch [33/100], Loss: 1.6739
Epoch [34/100], Loss: 1.6700
Epoch [35/100], Loss: 1.6684
Epoch [36/100], Loss: 1.6673
Epoch [37/100], Loss: 1.6641
Epoch [38/100], Loss: 1.6627
Epoch [39/100], Loss: 1.6611
Epoch [40/100], Loss: 1.7123
Epoch [41/100], Loss: 1.6583
Epoch [42/100], Loss: 1.6566
Epoch [43/100], Loss: 1.6537
Epoch [44/100], Loss: 1.6522
Epoch [45/100], Loss: 1.6518
Epoch [46/100], Loss: 1.6502
Epoch [47/100], Loss: 1.6490
Epoch [48/100], Loss: 1.6474
Epoch [49/100], Loss: 1.6467
Epoch [50/100], Loss: 1.6454
Epoch [51/100], Loss: 1.6454
Epoch [52/100], Loss: 1.6431
Epoch [53/100], Loss: 1.6424
Epoch [54/100], Loss: 1.6412
Epoch [55/100], Loss: 1.6441
Epoch [56/100], Loss: 1.6395
Epoch [57/100], Loss: 1.6380
Epoch [58/100], Loss: 1.6375
Epoch [59/100], Loss: 1.6361
Epoch [60/100], Loss: 1.6350
Epoch [61/100], Loss: 1.6347
Epoch [62/100], Loss: 1.6341
Epoch [63/100], Loss: 1.6332
Epoch [64/100], Loss: 1.6323
Epoch [65/100], Loss: 1.6318
Epoch [66/100], Loss: 1.6310
Epoch [67/100], Loss: 1.6333
Epoch [68/100], Loss: 1.6326
Epoch [69/100], Loss: 1.6292
Epoch [70/100], Loss: 1.6279
Epoch [71/100], Loss: 1.6279
Epoch [72/100], Loss: 1.6269
Epoch [73/100], Loss: 1.6269
Epoch [74/100], Loss: 1.6258
Epoch [75/100], Loss: 1.6259
Epoch [76/100], Loss: 1.6253
Epoch [77/100], Loss: 1.6245
Epoch [78/100], Loss: 1.6235
Epoch [79/100], Loss: 1.6231
Epoch [80/100], Loss: 1.6243
Epoch [81/100], Loss: 1.6230
Epoch [82/100], Loss: 1.6219
Epoch [83/100], Loss: 1.6211
Epoch [84/100], Loss: 1.6215
Epoch [85/100], Loss: 1.6222
Epoch [86/100], Loss: 1.6216
Epoch [87/100], Loss: 1.6191
Epoch [88/100], Loss: 1.6188
Epoch [89/100], Loss: 1.6180
Epoch [90/100], Loss: 1.6179
Epoch [91/100], Loss: 1.6178
Epoch [92/100], Loss: 1.6178
Epoch [93/100], Loss: 1.6173
Epoch [94/100], Loss: 1.6164
Epoch [95/100], Loss: 1.6164
Epoch [96/100], Loss: 1.6159
Epoch [97/100], Loss: 1.6160
Epoch [98/100], Loss: 1.6156
Epoch [99/100], Loss: 1.6174
Epoch [100/100], Loss: 1.6149
Training loss plot saved to /workspace/AE/results/training/trial2/trial2_ZINBAE_20260116_120647_conv_training_loss.png
Training losses saved to /workspace/AE/results/training/trial2/trial2_ZINBAE_20260116_120647_conv_training_losses.json

==================================================
EVALUATING ON TRAINING DATA
==================================================

==================================================
TEST RESULTS
==================================================
Test Loss (ZINB NLL): 1.608716
Mean Absolute Error (MAE): 1.917235
R² Score: 0.490622
==================================================

Using raw counts for evaluation metrics.
29648000 13164927 16483073
ZINB metrics saved to /workspace/AE/results/training/trial2/trial2_ZINBAE_20260116_120648_conv_test_metrics.json
ZINB-specific plots saved to /workspace/AE/results/training/trial2/

==================================================
TEST RESULTS
==================================================
Test Loss (ZINB NLL): 1.939766
Mean Absolute Error (MAE): 2.770214
R² Score: 0.083114
==================================================

Using raw counts for evaluation metrics.
3920000 1662825 2257175
ZINB metrics saved to /workspace/AE/results/testing/trial2/trial2_ZINBAE_20260116_121027_conv_test_metrics.json
ZINB-specific plots saved to /workspace/AE/results/testing/trial2/
